12:17:58.616 [TestNG-tests-3] INFO  testCases.TC001_AccountRegistrationTest - Providing customer details ... 
12:17:58.766 [TestNG-tests-1] INFO  testCases.TC001_AccountRegistrationTest - Clicked on Register Link
12:17:58.769 [TestNG-tests-1] INFO  testCases.TC001_AccountRegistrationTest - Providing customer details ... 
12:18:01.841 [TestNG-tests-3] INFO  testCases.TC001_AccountRegistrationTest - Validating expected message.. 
12:18:01.934 [TestNG-tests-3] INFO  testCases.TC001_AccountRegistrationTest - **** Finished TC001_AccountRegistrationTest ******
12:18:02.187 [TestNG-tests-1] INFO  testCases.TC001_AccountRegistrationTest - Validating expected message.. 
12:18:02.273 [TestNG-tests-1] INFO  testCases.TC001_AccountRegistrationTest - **** Finished TC001_AccountRegistrationTest ******
12:18:02.516 [TestNG-tests-2] INFO  testCases.TC001_AccountRegistrationTest - **** Starting TC001_AccountRegistrationTest ******
12:18:02.805 [TestNG-tests-2] INFO  testCases.TC001_AccountRegistrationTest - Clicked on MyAccount Link
12:18:03.511 [TestNG-tests-2] INFO  testCases.TC001_AccountRegistrationTest - Clicked on Register Link
12:18:03.511 [TestNG-tests-2] INFO  testCases.TC001_AccountRegistrationTest - Providing customer details ... 
12:18:04.651 [TestNG-tests-2] INFO  testCases.TC001_AccountRegistrationTest - Validating expected message.. 
12:18:04.670 [TestNG-tests-2] INFO  testCases.TC001_AccountRegistrationTest - **** Finished TC001_AccountRegistrationTest ******
12:34:17.894 [main] DEBUG org.testng.TestNG - suiteXmlPath: "C:\Users\kumar\eclipse-workspace\Opencartv121\master.xml"
12:34:18.224 [main] INFO  org.testng.internal.Utils - [TestNG] Running:
  C:\Users\kumar\eclipse-workspace\Opencartv121\master.xml

12:34:52.269 [main] DEBUG org.testng.TestNG - suiteXmlPath: "C:\Users\kumar\eclipse-workspace\Opencartv121\master.xml"
12:34:52.523 [main] INFO  org.testng.internal.Utils - [TestNG] Running:
  C:\Users\kumar\eclipse-workspace\Opencartv121\master.xml

12:35:32.702 [main] DEBUG org.testng.TestNG - suiteXmlPath: "C:\Users\kumar\eclipse-workspace\Opencartv121\master.xml"
12:35:33.004 [main] INFO  org.testng.internal.Utils - [TestNG] Running:
  C:\Users\kumar\eclipse-workspace\Opencartv121\master.xml

12:37:37.098 [main] DEBUG org.testng.TestNG - suiteXmlPath: "C:\Users\kumar\eclipse-workspace\Opencartv121\master.xml"
12:37:37.448 [main] INFO  org.testng.internal.Utils - [TestNG] Running:
  C:\Users\kumar\eclipse-workspace\Opencartv121\master.xml

