19:42:51.876 [main] INFO  org.testng.internal.Utils - [TestNG] Time taken by org.testng.reporters.JUnitReportReporter@8a98f38: 4 ms
19:42:51.885 [main] INFO  org.testng.internal.Utils - [TestNG] Time taken by org.testng.internal.ExitCodeListener@ca93621: 0 ms
11:52:21.983 [main] DEBUG org.testng.TestNG - suiteXmlPath: "C:\Users\kumar\eclipse-workspace\Opencartv121\master.xml"
11:52:22.256 [main] INFO  org.testng.internal.Utils - [TestNG] Running:
  C:\Users\kumar\eclipse-workspace\Opencartv121\master.xml

11:52:26.359 [main] INFO  testCases.TC001_AccountRegistrationTest - **** Starting TC001_AccountRegistrationTest ******
11:52:26.479 [main] INFO  testCases.TC001_AccountRegistrationTest - Clicked on MyAccount Link
11:52:27.171 [main] INFO  testCases.TC001_AccountRegistrationTest - Clicked on Register Link
11:52:27.185 [main] INFO  testCases.TC001_AccountRegistrationTest - Providing customer details ... 
11:52:28.364 [main] INFO  testCases.TC001_AccountRegistrationTest - Validating expected message.. 
11:52:28.418 [main] INFO  testCases.TC001_AccountRegistrationTest - **** Finished TC001_AccountRegistrationTest ******
11:52:58.932 [main] DEBUG org.testng.TestNG - suiteXmlPath: "C:\Users\kumar\eclipse-workspace\Opencartv121\master.xml"
11:52:59.212 [main] INFO  org.testng.internal.Utils - [TestNG] Running:
  C:\Users\kumar\eclipse-workspace\Opencartv121\master.xml

11:53:15.326 [main] INFO  testCases.TC001_AccountRegistrationTest - **** Starting TC001_AccountRegistrationTest ******
11:53:15.601 [main] INFO  testCases.TC001_AccountRegistrationTest - Clicked on MyAccount Link
11:53:16.344 [main] INFO  testCases.TC001_AccountRegistrationTest - Clicked on Register Link
11:53:16.345 [main] INFO  testCases.TC001_AccountRegistrationTest - Providing customer details ... 
11:53:17.535 [main] INFO  testCases.TC001_AccountRegistrationTest - Validating expected message.. 
11:53:17.562 [main] INFO  testCases.TC001_AccountRegistrationTest - **** Finished TC001_AccountRegistrationTest ******
12:16:58.003 [main] DEBUG org.testng.TestNG - suiteXmlPath: "C:\Users\kumar\eclipse-workspace\Opencartv121\CrossBrowserTesting.xml"
12:16:58.386 [main] INFO  org.testng.internal.Utils - [TestNG] Running:
  C:\Users\kumar\eclipse-workspace\Opencartv121\CrossBrowserTesting.xml

12:17:02.361 [main] INFO  testCases.TC001_AccountRegistrationTest - **** Starting TC001_AccountRegistrationTest ******
12:17:02.481 [main] INFO  testCases.TC001_AccountRegistrationTest - Clicked on MyAccount Link
12:17:03.027 [main] INFO  testCases.TC001_AccountRegistrationTest - Clicked on Register Link
12:17:03.032 [main] INFO  testCases.TC001_AccountRegistrationTest - Providing customer details ... 
12:17:04.156 [main] INFO  testCases.TC001_AccountRegistrationTest - Validating expected message.. 
12:17:04.206 [main] INFO  testCases.TC001_AccountRegistrationTest - **** Finished TC001_AccountRegistrationTest ******
12:17:09.484 [main] INFO  testCases.TC001_AccountRegistrationTest - **** Starting TC001_AccountRegistrationTest ******
12:17:09.755 [main] INFO  testCases.TC001_AccountRegistrationTest - Clicked on MyAccount Link
12:17:10.420 [main] INFO  testCases.TC001_AccountRegistrationTest - Clicked on Register Link
12:17:10.421 [main] INFO  testCases.TC001_AccountRegistrationTest - Providing customer details ... 
12:17:11.539 [main] INFO  testCases.TC001_AccountRegistrationTest - Validating expected message.. 
12:17:11.554 [main] INFO  testCases.TC001_AccountRegistrationTest - **** Finished TC001_AccountRegistrationTest ******
12:17:16.079 [main] INFO  testCases.TC001_AccountRegistrationTest - **** Starting TC001_AccountRegistrationTest ******
12:17:16.155 [main] INFO  testCases.TC001_AccountRegistrationTest - Clicked on MyAccount Link
12:17:16.848 [main] INFO  testCases.TC001_AccountRegistrationTest - Clicked on Register Link
12:17:16.849 [main] INFO  testCases.TC001_AccountRegistrationTest - Providing customer details ... 
12:17:18.006 [main] INFO  testCases.TC001_AccountRegistrationTest - Validating expected message.. 
12:17:18.036 [main] INFO  testCases.TC001_AccountRegistrationTest - **** Finished TC001_AccountRegistrationTest ******
12:17:52.322 [main] DEBUG org.testng.TestNG - suiteXmlPath: "C:\Users\kumar\eclipse-workspace\Opencartv121\CrossBrowserTesting.xml"
12:17:52.608 [main] INFO  org.testng.internal.Utils - [TestNG] Running:
  C:\Users\kumar\eclipse-workspace\Opencartv121\CrossBrowserTesting.xml

12:17:57.000 [TestNG-tests-1] INFO  testCases.TC001_AccountRegistrationTest - **** Starting TC001_AccountRegistrationTest ******
12:17:57.002 [TestNG-tests-3] INFO  testCases.TC001_AccountRegistrationTest - **** Starting TC001_AccountRegistrationTest ******
12:17:57.390 [TestNG-tests-1] INFO  testCases.TC001_AccountRegistrationTest - Clicked on MyAccount Link
12:17:57.410 [TestNG-tests-3] INFO  testCases.TC001_AccountRegistrationTest - Clicked on MyAccount Link
12:17:58.615 [TestNG-tests-3] INFO  testCases.TC001_AccountRegistrationTest - Clicked on Register Link
